#
# There is insufficient memory for the Java Runtime Environment to continue.
# Native memory allocation (mmap) failed to map 257949696 bytes for G1 virtual space
# Possible reasons:
#   The system is out of physical RAM or swap space
#   The process is running with CompressedOops enabled, and the Java Heap may be blocking the growth of the native heap
# Possible solutions:
#   Reduce memory load on the system
#   Increase physical memory or swap space
#   Check if swap backing store is full
#   Decrease Java heap size (-Xmx/-Xms)
#   Decrease number of Java threads
#   Decrease Java thread stack sizes (-Xss)
#   Set larger code cache with -XX:ReservedCodeCacheSize=
#   JVM is running with Zero Based Compressed Oops mode in which the Java heap is
#     placed in the first 32GB address space. The Java Heap base address is the
#     maximum limit for the native heap growth. Please use -XX:HeapBaseMinAddress
#     to set the Java Heap base and to place the Java Heap above 32GB virtual address.
# This output file may be truncated or incomplete.
#
#  Out of Memory Error (os_windows.cpp:3600), pid=74748, tid=74028
#
# JRE version:  (21.0.1+12) (build )
# Java VM: Java HotSpot(TM) 64-Bit Server VM (21.0.1+12-LTS-29, mixed mode, sharing, tiered, compressed oops, compressed class ptrs, g1 gc, windows-amd64)
# No core dump will be written. Minidumps are not enabled by default on client versions of Windows
#

---------------  S U M M A R Y ------------

Command Line: -Dfile.encoding=UTF-8 -Dstdout.encoding=UTF-8 -Dstderr.encoding=UTF-8 -XX:+ShowCodeDetailsInExceptionMessages com.empmanagement.ViewEmployee

Host: AMD Ryzen 5 5600H with Radeon Graphics         , 12 cores, 15G,  Windows 11 , 64 bit Build 22621 (10.0.22621.2506)
Time: Sun Jan 14 23:29:31 2024 India Standard Time elapsed time: 0.010196 seconds (0d 0h 0m 0s)

---------------  T H R E A D  ---------------

Current thread (0x000001dd78e9f4a0):  JavaThread "Unknown thread" [_thread_in_vm, id=74028, stack(0x0000003dad100000,0x0000003dad200000) (1024K)]

Stack: [0x0000003dad100000,0x0000003dad200000]
Native frames: (J=compiled Java code, j=interpreted, Vv=VM code, C=native code)
V  [jvm.dll+0x6c9029]
V  [jvm.dll+0x854b81]
V  [jvm.dll+0x856e5e]
V  [jvm.dll+0x857543]
V  [jvm.dll+0x280c06]
V  [jvm.dll+0x6c5715]
V  [jvm.dll+0x6ba10a]
V  [jvm.dll+0x3557ea]
V  [jvm.dll+0x35d436]
V  [jvm.dll+0x3ae1be]
V  [jvm.dll+0x3ae468]
V  [jvm.dll+0x3291fc]
V  [jvm.dll+0x329d8b]
V  [jvm.dll+0x81d179]
V  [jvm.dll+0x3bb4f1]
V  [jvm.dll+0x805ae8]
V  [jvm.dll+0x44effe]
V  [jvm.dll+0x450901]
C  [jli.dll+0x52a3]
C  [ucrtbase.dll+0x29363]
C  [KERNEL32.DLL+0x1257d]
C  [ntdll.dll+0x5aa58]


---------------  P R O C E S S  ---------------

Threads class SMR info:
_java_thread_list=0x00007ff89ae69b88, length=0, elements={
}

Java Threads: ( => current thread )
Total: 0

Other Threads:
  0x000001dd78ced8f0 WorkerThread "GC Thread#0"                     [id=75692, stack(0x0000003dad200000,0x0000003dad300000) (1024K)]
  0x000001dd78f0d710 ConcurrentGCThread "G1 Main Marker"            [id=75660, stack(0x0000003dad300000,0x0000003dad400000) (1024K)]
  0x000001dd78cedc90 WorkerThread "G1 Conc#0"                       [id=75468, stack(0x0000003dad400000,0x0000003dad500000) (1024K)]

[error occurred during error reporting (printing all threads), id 0xc0000005, EXCEPTION_ACCESS_VIOLATION (0xc0000005) at pc=0x00007ff89a5dc2c7]
VM state: not at safepoint (not fully initialized)

VM Mutex/Monitor currently owned by a thread:  ([mutex/lock_event])
[0x00007ff89aeda6f8] Heap_lock - owner thread: 0x000001dd78e9f4a0

Heap address: 0x000000070a600000, size: 3930 MB, Compressed Oops mode: Zero based, Oop shift amount: 3

CDS archive(s) mapped at: [0x0000000000000000-0x0000000000000000-0x0000000000000000), size 0, SharedBaseAddress: 0x0000000800000000, ArchiveRelocationMode: 1.
Narrow klass base: 0x0000000000000000, Narrow klass shift: 0, Narrow klass range: 0x0

GC Precious Log:
 CardTable entry size: 512
 Card Set container configuration: InlinePtr #cards 4 size 8 Array Of Cards #cards 16 size 48 Howl #buckets 8 coarsen threshold 3686 Howl Bitmap #cards 512 size 80 coarsen threshold 460 Card regions per heap region 1 cards per card region 4096

Heap:
 garbage-first heap   total 0K, used 0K [0x000000070a600000, 0x0000000800000000)
  region size 2048K, 0 young (0K), 0 survivors (0K)

[error occurred during error reporting (printing heap information), id 0xc0000005, EXCEPTION_ACCESS_VIOLATION (0xc0000005) at pc=0x00007ff89a9c1be9]
GC Heap History (0 events):
No events

Dll operation events (1 events):
Event: 0.007 Loaded shared library C:\Program Files\Java\jdk-21\bin\java.dll

Deoptimization events (0 events):
No events

Classes loaded (0 events):
No events

Classes unloaded (0 events):
No events

Classes redefined (0 events):
No events

Internal exceptions (0 events):
No events

ZGC Phase Switch (0 events):
No events

VM Operations (0 events):
No events

Events (0 events):
No events


Dynamic libraries:
0x00007ff6b41b0000 - 0x00007ff6b41c0000 	C:\Program Files\Java\jdk-21\bin\javaw.exe
0x00007ff8f4710000 - 0x00007ff8f4927000 	C:\WINDOWS\SYSTEM32\ntdll.dll
0x00007ff8f3250000 - 0x00007ff8f3314000 	C:\WINDOWS\System32\KERNEL32.DLL
0x00007ff8f20b0000 - 0x00007ff8f2456000 	C:\WINDOWS\System32\KERNELBASE.dll
0x00007ff8f1c50000 - 0x00007ff8f1d61000 	C:\WINDOWS\System32\ucrtbase.dll
0x00007ff8ed010000 - 0x00007ff8ed02b000 	C:\Program Files\Java\jdk-21\bin\VCRUNTIME140.dll
0x00007ff8eecb0000 - 0x00007ff8eecc9000 	C:\Program Files\Java\jdk-21\bin\jli.dll
0x00007ff8f3030000 - 0x00007ff8f30e3000 	C:\WINDOWS\System32\ADVAPI32.dll
0x00007ff8f2690000 - 0x00007ff8f2737000 	C:\WINDOWS\System32\msvcrt.dll
0x00007ff8f37a0000 - 0x00007ff8f3848000 	C:\WINDOWS\System32\sechost.dll
0x00007ff8f2080000 - 0x00007ff8f20a8000 	C:\WINDOWS\System32\bcrypt.dll
0x00007ff8f3d70000 - 0x00007ff8f3e87000 	C:\WINDOWS\System32\RPCRT4.dll
0x00007ff8f3a60000 - 0x00007ff8f3c0e000 	C:\WINDOWS\System32\USER32.dll
0x00007ff8f1bb0000 - 0x00007ff8f1bd6000 	C:\WINDOWS\System32\win32u.dll
0x00007ff8f4300000 - 0x00007ff8f4329000 	C:\WINDOWS\System32\GDI32.dll
0x00007ff8dc070000 - 0x00007ff8dc303000 	C:\WINDOWS\WinSxS\amd64_microsoft.windows.common-controls_6595b64144ccf1df_6.0.22621.2506_none_270c5ae97388e100\COMCTL32.dll
0x00007ff8f1d70000 - 0x00007ff8f1e88000 	C:\WINDOWS\System32\gdi32full.dll
0x00007ff8f1a50000 - 0x00007ff8f1aea000 	C:\WINDOWS\System32\msvcp_win.dll
0x00007ff8e9a00000 - 0x00007ff8e9a0a000 	C:\WINDOWS\SYSTEM32\VERSION.dll
0x00007ff8f3fd0000 - 0x00007ff8f4001000 	C:\WINDOWS\System32\IMM32.DLL
0x00007ff8eed70000 - 0x00007ff8eed7c000 	C:\Program Files\Java\jdk-21\bin\vcruntime140_1.dll
0x00007ff8d91c0000 - 0x00007ff8d924e000 	C:\Program Files\Java\jdk-21\bin\msvcp140.dll
0x00007ff89a2a0000 - 0x00007ff89afb5000 	C:\Program Files\Java\jdk-21\bin\server\jvm.dll
0x00007ff8f4280000 - 0x00007ff8f42f1000 	C:\WINDOWS\System32\WS2_32.dll
0x00007ff8f1920000 - 0x00007ff8f196d000 	C:\WINDOWS\SYSTEM32\POWRPROF.dll
0x00007ff8ea930000 - 0x00007ff8ea964000 	C:\WINDOWS\SYSTEM32\WINMM.dll
0x00007ff8f1900000 - 0x00007ff8f1913000 	C:\WINDOWS\SYSTEM32\UMPDC.dll
0x00007ff8f0a40000 - 0x00007ff8f0a58000 	C:\WINDOWS\SYSTEM32\kernel.appcore.dll
0x00007ff8eed50000 - 0x00007ff8eed5a000 	C:\Program Files\Java\jdk-21\bin\jimage.dll
0x00007ff8df830000 - 0x00007ff8dfa63000 	C:\WINDOWS\SYSTEM32\DBGHELP.DLL
0x00007ff8f4330000 - 0x00007ff8f46b9000 	C:\WINDOWS\System32\combase.dll
0x00007ff8f3c90000 - 0x00007ff8f3d67000 	C:\WINDOWS\System32\OLEAUT32.dll
0x00007ff8d2ee0000 - 0x00007ff8d2f12000 	C:\WINDOWS\SYSTEM32\dbgcore.DLL
0x00007ff8f1e90000 - 0x00007ff8f1f0a000 	C:\WINDOWS\System32\bcryptPrimitives.dll
0x00007ff8ec210000 - 0x00007ff8ec22f000 	C:\Program Files\Java\jdk-21\bin\java.dll

dbghelp: loaded successfully - version: 4.0.5 - missing functions: none
symbol engine: initialized successfully - sym options: 0x614 - pdb path: .;C:\Program Files\Java\jdk-21\bin;C:\WINDOWS\SYSTEM32;C:\WINDOWS\WinSxS\amd64_microsoft.windows.common-controls_6595b64144ccf1df_6.0.22621.2506_none_270c5ae97388e100;C:\Program Files\Java\jdk-21\bin\server

VM Arguments:
jvm_args: -Dfile.encoding=UTF-8 -Dstdout.encoding=UTF-8 -Dstderr.encoding=UTF-8 -XX:+ShowCodeDetailsInExceptionMessages 
java_command: com.empmanagement.ViewEmployee
java_class_path (initial): D:\Eclipse\EmployeeManagementSystem\bin;C:\Users\harsh\Downloads\mysql-connector-java-8.0.29.jar;C:\Users\harsh\Downloads\rs2xml.jar;C:\Users\harsh\Downloads\jcalendar-tz-1.3.3-4.jar
Launcher Type: SUN_STANDARD

[Global flags]
     intx CICompilerCount                          = 4                                         {product} {ergonomic}
     uint ConcGCThreads                            = 3                                         {product} {ergonomic}
     uint G1ConcRefinementThreads                  = 10                                        {product} {ergonomic}
   size_t G1HeapRegionSize                         = 2097152                                   {product} {ergonomic}
    uintx GCDrainStackTargetSize                   = 64                                        {product} {ergonomic}
   size_t InitialHeapSize                          = 257949696                                 {product} {ergonomic}
   size_t MarkStackSize                            = 4194304                                   {product} {ergonomic}
   size_t MaxHeapSize                              = 4120903680                                {product} {ergonomic}
   size_t MinHeapDeltaBytes                        = 2097152                                   {product} {ergonomic}
   size_t MinHeapSize                              = 8388608                                   {product} {ergonomic}
    uintx NonNMethodCodeHeapSize                   = 5839372                                {pd product} {ergonomic}
    uintx NonProfiledCodeHeapSize                  = 122909434                              {pd product} {ergonomic}
    uintx ProfiledCodeHeapSize                     = 122909434                              {pd product} {ergonomic}
    uintx ReservedCodeCacheSize                    = 251658240                              {pd product} {ergonomic}
     bool SegmentedCodeCache                       = true                                      {product} {ergonomic}
     bool ShowCodeDetailsInExceptionMessages       = true                                   {manageable} {command line}
   size_t SoftMaxHeapSize                          = 4120903680                             {manageable} {ergonomic}
     bool UseCompressedOops                        = true                           {product lp64_product} {ergonomic}
     bool UseG1GC                                  = true                                      {product} {ergonomic}
     bool UseLargePagesIndividualAllocation        = false                                  {pd product} {ergonomic}

Logging:
Log output configuration:
 #0: stdout all=warning uptime,level,tags foldmultilines=false
 #1: stderr all=off uptime,level,tags foldmultilines=false

Environment Variables:
PATH=C:\app\Harshal\product\21c\dbhomeXE\bin;C:\Program Files\Common Files\Oracle\Java\javapath;C:\Program Files (x86)\Common Files\Oracle\Java\javapath;C:\windows\system32;C:\windows;C:\windows\System32\Wbem;C:\windows\System32\WindowsPowerShell\v1.0\;C:\windows\System32\OpenSSH\;C:\Program Files (x86)\NVIDIA Corporation\PhysX\Common;C:\Program Files\NVIDIA Corporation\NVIDIA NvDLISR;C:\WINDOWS\system32;C:\WINDOWS;C:\WINDOWS\System32\Wbem;C:\WINDOWS\System32\WindowsPowerShell\v1.0\;C:\WINDOWS\System32\OpenSSH\;C:\Program Files\Polyspace\R2019b\runtime\win64;C:\Program Files\Polyspace\R2019b\bin;C:\Program Files\Polyspace\R2019b\polyspace\bin;C:\TDM-GCC-32\bin;C:\Program Files\dotnet\;C:\Program Files\Java\jdk-21\bin;C:\Program Files\MySQL\MySQL Server 8.0\bin;C:\Program Files\MongoDB\Server\7.0\bin;C:\Program Files\MongoDB\mongosh-2.0.2-win32-x64\bin;C:\Program Files\MySQL\MySQL Shell 8.0\bin\;C:\Program Files\Common Files\Oracle\Java\javapath;C:\Program Files (x86)\Common Files\Oracle\Java\javapath;C:\windows\system32;C:\windows;C:\windows\System32\Wbem;C:\windows\System32\WindowsPowerShell\v1.0\;C:\windows\System32\OpenSSH\;C:\Program Files (x86)\NVIDIA Corporation\PhysX\Common;C:\Program Files\NVIDIA Corporation\NVIDIA NvDLISR;C:\WINDOWS\system32;C:\WINDOWS;C:\WINDOWS\System32\Wbem;C:\WINDOWS\System32\WindowsPowerShell\v1.0\;C:\WINDOWS\System32\OpenSSH\;C:\Program Files\Polyspace\R2019b\runtime\win64;C:\Program Files\Polyspace\R2019b\bin;C:\Program Files\Polyspace\R2019b\polyspace\bin;C:\TDM-GCC-32\bin;C:\Program Files\dotnet\;C:\Program Files\Java\jdk-19\bin;C:\Users\harsh\AppData\Local\Programs\Python\Python311\Scripts\;C:\Users\harsh\AppData\Local\Programs\Python\Python311\;C:\Users\harsh\anaconda3;C:\Users\harsh\anaconda3\Library\mingw-w64\bin;C:\Users\harsh\anaconda3\Library\usr\bin;C:\Users\harsh\anaconda3\Library\bin;C:\Users\harsh\anaconda3\Scripts;C:\Users\harsh\AppData\Local\Microsoft\;D:\Microsoft VS Code\bin;C:\Users\harsh\.dotnet\tools
USERNAME=Harshal
OS=Windows_NT
PROCESSOR_IDENTIFIER=AMD64 Family 25 Model 80 Stepping 0, AuthenticAMD
TMP=C:\Users\harsh\AppData\Local\Temp
TEMP=C:\Users\harsh\AppData\Local\Temp




Periodic native trim disabled

---------------  S Y S T E M  ---------------

OS:
 Windows 11 , 64 bit Build 22621 (10.0.22621.2506)
OS uptime: 3 days 4:26 hours
Hyper-V role detected

CPU: total 12 (initial active 12) (12 cores per cpu, 2 threads per core) family 25 model 80 stepping 0 microcode 0x0, cx8, cmov, fxsr, ht, mmx, 3dnowpref, sse, sse2, sse3, ssse3, sse4a, sse4.1, sse4.2, popcnt, lzcnt, tsc, tscinvbit, avx, avx2, aes, erms, clmul, bmi1, bmi2, adx, sha, fma, vzeroupper, clflush, clflushopt, hv, rdtscp, rdpid, fsrm, f16c, cet_ss
Processor Information for processor 0
  Max Mhz: 3301, Current Mhz: 2011, Mhz Limit: 3301
Processor Information for processor 1
  Max Mhz: 3301, Current Mhz: 3301, Mhz Limit: 3301
Processor Information for processor 2
  Max Mhz: 3301, Current Mhz: 2011, Mhz Limit: 3301
Processor Information for processor 3
  Max Mhz: 3301, Current Mhz: 2011, Mhz Limit: 3301
Processor Information for processor 4
  Max Mhz: 3301, Current Mhz: 2011, Mhz Limit: 3301
Processor Information for processor 5
  Max Mhz: 3301, Current Mhz: 2011, Mhz Limit: 3301
Processor Information for processor 6
  Max Mhz: 3301, Current Mhz: 2011, Mhz Limit: 3301
Processor Information for processor 7
  Max Mhz: 3301, Current Mhz: 3301, Mhz Limit: 3301
Processor Information for processor 8
  Max Mhz: 3301, Current Mhz: 3301, Mhz Limit: 3301
Processor Information for processor 9
  Max Mhz: 3301, Current Mhz: 2011, Mhz Limit: 3301
Processor Information for processor 10
  Max Mhz: 3301, Current Mhz: 3301, Mhz Limit: 3301
Processor Information for processor 11
  Max Mhz: 3301, Current Mhz: 2011, Mhz Limit: 3301

Memory: 4k page, system-wide physical 15713M (1297M free)
TotalPageFile size 64074M (AvailPageFile size 55M)
current process WorkingSet (physical memory assigned to process): 11M, peak: 11M
current process commit charge ("private bytes"): 64M, peak: 310M

vm_info: Java HotSpot(TM) 64-Bit Server VM (21.0.1+12-LTS-29) for windows-amd64 JRE (21.0.1+12-LTS-29), built on 2023-10-05T13:27:09Z by "mach5one" with MS VC++ 17.1 (VS2022)

END.
